{"contracts/Safe.sol":{"l":{"8":25,"15":2,"16":1,"17":1,"21":4,"22":3,"23":3,"24":3,"27":1,"28":1,"29":1,"34":2,"35":1,"36":1},"path":"/Users/pan/Desktop/lab3_erc20bank/contracts/Safe.sol","s":{"1":2,"2":1,"3":4,"4":3,"5":1,"6":2,"7":1},"b":{"1":[1,1],"2":[3,1],"3":[1,1]},"f":{"1":25,"2":2,"3":4,"4":2},"fnMap":{"1":{"name":"constructor","line":7,"loc":{"start":{"line":7,"column":4},"end":{"line":9,"column":4}}},"2":{"name":"takeFee","line":14,"loc":{"start":{"line":14,"column":4},"end":{"line":18,"column":4}}},"3":{"name":"deposit","line":20,"loc":{"start":{"line":20,"column":4},"end":{"line":31,"column":4}}},"4":{"name":"withdraw","line":33,"loc":{"start":{"line":33,"column":4},"end":{"line":37,"column":4}}}},"statementMap":{"1":{"start":{"line":15,"column":8},"end":{"line":15,"column":46}},"2":{"start":{"line":16,"column":8},"end":{"line":16,"column":52}},"3":{"start":{"line":21,"column":8},"end":{"line":21,"column":587}},"4":{"start":{"line":24,"column":12},"end":{"line":24,"column":71}},"5":{"start":{"line":29,"column":12},"end":{"line":29,"column":71}},"6":{"start":{"line":34,"column":8},"end":{"line":34,"column":78}},"7":{"start":{"line":36,"column":8},"end":{"line":36,"column":48}}},"branchMap":{"1":{"line":15,"type":"if","locations":[{"start":{"line":15,"column":8},"end":{"line":15,"column":8}},{"start":{"line":15,"column":8},"end":{"line":15,"column":8}}]},"2":{"line":21,"type":"if","locations":[{"start":{"line":21,"column":8},"end":{"line":21,"column":8}},{"start":{"line":21,"column":8},"end":{"line":21,"column":8}}]},"3":{"line":34,"type":"if","locations":[{"start":{"line":34,"column":8},"end":{"line":34,"column":8}},{"start":{"line":34,"column":8},"end":{"line":34,"column":8}}]}}},"contracts/SafeFactory.sol":{"l":{"15":15,"19":1,"22":1,"23":1,"27":1,"30":1,"31":1,"35":2,"37":1},"path":"/Users/pan/Desktop/lab3_erc20bank/contracts/SafeFactory.sol","s":{"1":1,"2":1,"3":1,"4":1,"5":2},"b":{"1":[1,1]},"f":{"1":15,"2":1,"3":1,"4":2},"fnMap":{"1":{"name":"constructor","line":14,"loc":{"start":{"line":14,"column":4},"end":{"line":16,"column":4}}},"2":{"name":"deploySafe","line":18,"loc":{"start":{"line":18,"column":4},"end":{"line":24,"column":4}}},"3":{"name":"deploySafeProxy","line":26,"loc":{"start":{"line":26,"column":4},"end":{"line":32,"column":4}}},"4":{"name":"updateImplementation","line":34,"loc":{"start":{"line":34,"column":4},"end":{"line":38,"column":4}}}},"statementMap":{"1":{"start":{"line":19,"column":8},"end":{"line":19,"column":40}},"2":{"start":{"line":23,"column":8},"end":{"line":23,"column":28}},"3":{"start":{"line":27,"column":8},"end":{"line":27,"column":72}},"4":{"start":{"line":31,"column":8},"end":{"line":31,"column":33}},"5":{"start":{"line":35,"column":8},"end":{"line":35,"column":46}}},"branchMap":{"1":{"line":35,"type":"if","locations":[{"start":{"line":35,"column":8},"end":{"line":35,"column":8}},{"start":{"line":35,"column":8},"end":{"line":35,"column":8}}]}}},"contracts/SafeProxy.sol":{"l":{"13":22,"14":22,"15":22,"19":25,"58":4,"59":4,"60":3,"64":27,"68":2,"72":3,"73":2,"77":25,"81":25,"98":76},"path":"/Users/pan/Desktop/lab3_erc20bank/contracts/SafeProxy.sol","s":{"1":4,"2":4,"3":27,"4":2,"5":3,"6":2,"7":25,"8":25},"b":{"1":[4,0],"2":[3,1],"3":[2,1]},"f":{"1":22,"2":25,"3":4,"4":27,"5":2,"6":3,"7":25,"8":25,"9":76},"fnMap":{"1":{"name":"constructor","line":12,"loc":{"start":{"line":12,"column":4},"end":{"line":16,"column":4}}},"2":{"name":"_delegate","line":18,"loc":{"start":{"line":18,"column":4},"end":{"line":55,"column":4}}},"3":{"name":"setImplementation","line":57,"loc":{"start":{"line":57,"column":4},"end":{"line":61,"column":4}}},"4":{"name":"_getImplementation","line":63,"loc":{"start":{"line":63,"column":4},"end":{"line":65,"column":4}}},"5":{"name":"_getOwner","line":67,"loc":{"start":{"line":67,"column":4},"end":{"line":69,"column":4}}},"6":{"name":"upgradeTo","line":71,"loc":{"start":{"line":71,"column":4},"end":{"line":74,"column":4}}},"7":{"name":"_fallback","line":76,"loc":{"start":{"line":76,"column":4},"end":{"line":78,"column":4}}},"8":{"name":null,"line":80,"loc":{"start":{"line":80,"column":4},"end":{"line":82,"column":4}}},"9":{"name":"getAddressSlot","line":95,"loc":{"start":{"line":95,"column":4},"end":{"line":101,"column":4}}}},"statementMap":{"1":{"start":{"line":58,"column":8},"end":{"line":58,"column":46}},"2":{"start":{"line":59,"column":8},"end":{"line":59,"column":81}},"3":{"start":{"line":64,"column":8},"end":{"line":64,"column":68}},"4":{"start":{"line":68,"column":8},"end":{"line":68,"column":59}},"5":{"start":{"line":72,"column":8},"end":{"line":72,"column":46}},"6":{"start":{"line":73,"column":8},"end":{"line":73,"column":41}},"7":{"start":{"line":77,"column":8},"end":{"line":77,"column":38}},"8":{"start":{"line":81,"column":8},"end":{"line":81,"column":18}}},"branchMap":{"1":{"line":58,"type":"if","locations":[{"start":{"line":58,"column":8},"end":{"line":58,"column":8}},{"start":{"line":58,"column":8},"end":{"line":58,"column":8}}]},"2":{"line":59,"type":"if","locations":[{"start":{"line":59,"column":8},"end":{"line":59,"column":8}},{"start":{"line":59,"column":8},"end":{"line":59,"column":8}}]},"3":{"line":72,"type":"if","locations":[{"start":{"line":72,"column":8},"end":{"line":72,"column":8}},{"start":{"line":72,"column":8},"end":{"line":72,"column":8}}]}}},"contracts/SafeUpgradeable_v2.sol":{"l":{"11":16,"12":16,"13":2,"20":2,"21":1,"22":4,"26":4,"27":3,"28":3,"29":3,"32":1,"33":1,"34":1,"39":2,"40":1,"41":1},"path":"/Users/pan/Desktop/lab3_erc20bank/contracts/SafeUpgradeable_v2.sol","s":{"1":16,"2":1,"3":1,"4":3,"5":1,"6":2,"7":1,"8":0},"b":{"1":[16,0],"2":[1,1],"3":[3,1],"4":[1,1]},"f":{"1":16,"2":2,"3":4,"4":2},"fnMap":{"1":{"name":"initialize","line":10,"loc":{"start":{"line":10,"column":4},"end":{"line":14,"column":4}}},"2":{"name":"takeFee","line":19,"loc":{"start":{"line":19,"column":4},"end":{"line":23,"column":4}}},"3":{"name":"deposit","line":25,"loc":{"start":{"line":25,"column":4},"end":{"line":36,"column":4}}},"4":{"name":"withdraw","line":38,"loc":{"start":{"line":38,"column":4},"end":{"line":42,"column":4}}}},"statementMap":{"1":{"start":{"line":11,"column":8},"end":{"line":11,"column":53}},"2":{"start":{"line":20,"column":8},"end":{"line":20,"column":46}},"3":{"start":{"line":21,"column":8},"end":{"line":21,"column":52}},"4":{"start":{"line":26,"column":8},"end":{"line":26,"column":785}},"5":{"start":{"line":29,"column":12},"end":{"line":29,"column":71}},"6":{"start":{"line":34,"column":12},"end":{"line":34,"column":71}},"7":{"start":{"line":39,"column":8},"end":{"line":39,"column":78}},"8":{"start":{"line":41,"column":8},"end":{"line":41,"column":48}}},"branchMap":{"1":{"line":11,"type":"if","locations":[{"start":{"line":11,"column":8},"end":{"line":11,"column":8}},{"start":{"line":11,"column":8},"end":{"line":11,"column":8}}]},"2":{"line":20,"type":"if","locations":[{"start":{"line":20,"column":8},"end":{"line":20,"column":8}},{"start":{"line":20,"column":8},"end":{"line":20,"column":8}}]},"3":{"line":26,"type":"if","locations":[{"start":{"line":26,"column":8},"end":{"line":26,"column":8}},{"start":{"line":26,"column":8},"end":{"line":26,"column":8}}]},"4":{"line":39,"type":"if","locations":[{"start":{"line":39,"column":8},"end":{"line":39,"column":8}},{"start":{"line":39,"column":8},"end":{"line":39,"column":8}}]}}},"contracts/SafeUpgradeable.sol":{"l":{"11":0,"12":28,"13":28,"20":28,"21":2,"22":1,"26":1,"27":16,"28":16,"29":15,"32":15,"33":15,"34":1,"39":1,"40":2,"41":2},"path":"/Users/pan/Desktop/lab3_erc20bank/contracts/SafeUpgradeable.sol","s":{"1":28,"2":2,"3":2,"4":1,"5":15,"6":1,"7":2,"8":1},"b":{"1":[0,0],"2":[2,26],"3":[16,15],"4":[2,-1]},"f":{"1":0,"2":28,"3":1,"4":1},"fnMap":{"1":{"name":"initialize","line":10,"loc":{"start":{"line":10,"column":4},"end":{"line":14,"column":4}}},"2":{"name":"takeFee","line":19,"loc":{"start":{"line":19,"column":4},"end":{"line":23,"column":4}}},"3":{"name":"deposit","line":25,"loc":{"start":{"line":25,"column":4},"end":{"line":36,"column":4}}},"4":{"name":"withdraw","line":38,"loc":{"start":{"line":38,"column":4},"end":{"line":42,"column":4}}}},"statementMap":{"1":{"start":{"line":11,"column":8},"end":{"line":11,"column":53}},"2":{"start":{"line":20,"column":8},"end":{"line":20,"column":46}},"3":{"start":{"line":21,"column":8},"end":{"line":21,"column":52}},"4":{"start":{"line":26,"column":8},"end":{"line":26,"column":782}},"5":{"start":{"line":29,"column":12},"end":{"line":29,"column":71}},"6":{"start":{"line":34,"column":12},"end":{"line":34,"column":71}},"7":{"start":{"line":39,"column":8},"end":{"line":39,"column":78}},"8":{"start":{"line":41,"column":8},"end":{"line":41,"column":48}}},"branchMap":{"1":{"line":11,"type":"if","locations":[{"start":{"line":11,"column":8},"end":{"line":11,"column":8}},{"start":{"line":11,"column":8},"end":{"line":11,"column":8}}]},"2":{"line":20,"type":"if","locations":[{"start":{"line":20,"column":8},"end":{"line":20,"column":8}},{"start":{"line":20,"column":8},"end":{"line":20,"column":8}}]},"3":{"line":26,"type":"if","locations":[{"start":{"line":26,"column":8},"end":{"line":26,"column":8}},{"start":{"line":26,"column":8},"end":{"line":26,"column":8}}]},"4":{"line":39,"type":"if","locations":[{"start":{"line":39,"column":8},"end":{"line":39,"column":8}},{"start":{"line":39,"column":8},"end":{"line":39,"column":8}}]}}},"contracts/token.sol":{"l":{"8":0,"12":0},"path":"/Users/pan/Desktop/lab3_erc20bank/contracts/token.sol","s":{"1":0,"2":0},"b":{},"f":{"1":0,"2":0},"fnMap":{"1":{"name":"constructor","line":7,"loc":{"start":{"line":7,"column":4},"end":{"line":9,"column":4}}},"2":{"name":"mint","line":11,"loc":{"start":{"line":11,"column":4},"end":{"line":13,"column":4}}}},"statementMap":{"1":{"start":{"line":8,"column":9},"end":{"line":8,"column":31}},"2":{"start":{"line":12,"column":8},"end":{"line":12,"column":32}}},"branchMap":{}}}